{
  "RSpec": {
    "coverage": {
      "/home/andre/Desktop/rdjessee_blog/app/controllers/users_controller.rb": [
        1,
        1,
        null,
        null
      ],
      "/home/andre/Desktop/rdjessee_blog/app/controllers/application_controller.rb": [
        1,
        null,
        null,
        1,
        null
      ],
      "/home/andre/Desktop/rdjessee_blog/spec/controllers/welcome_controller_spec.rb": [
        1,
        null,
        1,
        null,
        1,
        1,
        1,
        1,
        null,
        null,
        null,
        null
      ],
      "/home/andre/Desktop/rdjessee_blog/app/controllers/welcome_controller.rb": [
        1,
        1,
        null,
        null,
        1,
        null,
        null,
        null
      ],
      "/home/andre/Desktop/rdjessee_blog/spec/features/welcome_pages_features_spec.rb": [
        1,
        null,
        null,
        1,
        3,
        null,
        1,
        1,
        1,
        null,
        null,
        1,
        1,
        1,
        null,
        null,
        1,
        1,
        1,
        null,
        null,
        1,
        1,
        1,
        null,
        null,
        null,
        null,
        null,
        null
      ],
      "/home/andre/Desktop/rdjessee_blog/spec/helpers/users_helper_spec.rb": [
        1,
        null,
        null,
        null,
        null,
        null,
        null,
        null,
        null,
        null,
        null,
        null,
        1,
        1,
        null
      ],
      "/home/andre/Desktop/rdjessee_blog/spec/helpers/welcome_helper_spec.rb": [
        1,
        null,
        null,
        null,
        null,
        null,
        null,
        null,
        null,
        null,
        null,
        null,
        1,
        1,
        null
      ],
      "/home/andre/Desktop/rdjessee_blog/spec/models/user_spec.rb": [
        1,
        null,
        1,
        1,
        null
      ],
      "/home/andre/Desktop/rdjessee_blog/app/models/user.rb": [
        1,
        null
      ],
      "/home/andre/Desktop/rdjessee_blog/spec/views/static_pages/help.html.erb_spec.rb": [
        1,
        null,
        1,
        1,
        null
      ],
      "/home/andre/Desktop/rdjessee_blog/spec/views/static_pages/home.html.erb_spec.rb": [
        1,
        null,
        1,
        1,
        null
      ],
      "/home/andre/Desktop/rdjessee_blog/spec/views/users/new.html.erb_spec.rb": [
        1,
        null,
        1,
        1,
        null
      ],
      "/home/andre/Desktop/rdjessee_blog/spec/views/welcome/welcome.html.erb_spec.rb": [
        1,
        null,
        1,
        1,
        null
      ]
    },
    "timestamp": 1457910405
  }
}
