{
  "RSpec": {
    "coverage": {
      "/mnt/c/Users/ajessee/Desktop/personal/RDJesseeBlog/spec/support/utilities.rb": [
        1,
        null,
        null,
        null
      ],
      "/mnt/c/Users/ajessee/Desktop/personal/RDJesseeBlog/app/controllers/admin_pages_controller.rb": [
        1,
        1,
        1,
        null,
        1,
        0,
        null,
        null,
        1,
        0,
        null,
        null,
        1,
        0,
        null,
        null,
        1,
        null,
        null,
        null,
        1,
        0,
        null,
        null,
        null
      ],
      "/mnt/c/Users/ajessee/Desktop/personal/RDJesseeBlog/app/controllers/application_controller.rb": [
        1,
        null,
        null,
        1,
        1,
        null,
        null,
        1,
        0,
        0,
        0,
        0,
        null,
        null,
        null,
        null
      ],
      "/mnt/c/Users/ajessee/Desktop/personal/RDJesseeBlog/spec/controllers/comments_controller_spec.rb": [
        1,
        null,
        1,
        null,
        null
      ],
      "/mnt/c/Users/ajessee/Desktop/personal/RDJesseeBlog/app/controllers/comments_controller.rb": [
        1,
        1,
        1,
        null,
        1,
        0,
        0,
        null,
        null,
        1,
        0,
        0,
        0,
        0,
        0,
        0,
        0,
        null,
        0,
        null,
        null,
        null,
        1,
        0,
        0,
        0,
        0,
        0,
        null,
        0,
        null,
        null,
        null,
        1,
        null,
        null,
        null,
        1,
        0,
        0,
        0,
        null,
        null,
        1,
        null,
        1,
        0,
        null,
        null,
        1,
        0,
        null,
        null,
        1,
        0,
        0,
        0,
        0,
        0,
        0,
        0,
        0,
        null,
        0,
        null,
        null,
        null,
        1,
        0,
        0,
        null,
        null,
        null
      ],
      "/mnt/c/Users/ajessee/Desktop/personal/RDJesseeBlog/spec/controllers/pictures_controller_spec.rb": [
        1,
        null,
        1,
        null,
        null
      ],
      "/mnt/c/Users/ajessee/Desktop/personal/RDJesseeBlog/app/controllers/pictures_controller.rb": [
        1,
        1,
        1,
        null,
        1,
        0,
        null,
        null,
        1,
        0,
        0,
        0,
        0,
        0,
        null,
        0,
        null,
        null,
        null,
        1,
        0,
        null,
        null,
        1,
        0,
        null,
        null,
        1,
        0,
        null,
        null,
        1,
        0,
        0,
        0,
        0,
        0,
        0,
        null,
        0,
        null,
        null,
        null,
        1,
        0,
        0,
        0,
        0,
        null,
        null,
        1,
        null,
        1,
        0,
        null,
        null,
        1,
        0,
        0,
        null,
        null,
        null
      ],
      "/mnt/c/Users/ajessee/Desktop/personal/RDJesseeBlog/spec/controllers/recordings_controller_spec.rb": [
        1,
        null,
        1,
        null,
        1,
        1,
        0,
        0,
        null,
        null,
        null,
        1,
        1,
        0,
        0,
        null,
        null,
        null,
        1,
        1,
        0,
        0,
        null,
        null,
        null,
        1,
        1,
        0,
        0,
        null,
        null,
        null,
        1,
        1,
        0,
        0,
        null,
        null,
        null,
        1,
        1,
        0,
        0,
        null,
        null,
        null,
        1,
        1,
        0,
        0,
        null,
        null,
        null,
        null
      ],
      "/mnt/c/Users/ajessee/Desktop/personal/RDJesseeBlog/app/controllers/recordings_controller.rb": [
        1,
        null,
        1,
        0,
        null,
        null,
        1,
        null,
        null,
        1,
        0,
        0,
        0,
        0,
        0,
        null,
        0,
        null,
        null,
        null,
        1,
        null,
        null,
        1,
        null,
        null,
        1,
        null,
        null,
        1,
        null,
        null,
        1,
        null,
        1,
        0,
        null,
        null,
        1,
        0,
        null,
        null,
        null
      ],
      "/mnt/c/Users/ajessee/Desktop/personal/RDJesseeBlog/spec/controllers/sessions_controller_spec.rb": [
        1,
        null,
        1,
        null,
        1,
        1,
        0,
        0,
        null,
        null,
        null,
        null
      ],
      "/mnt/c/Users/ajessee/Desktop/personal/RDJesseeBlog/app/controllers/sessions_controller.rb": [
        1,
        null,
        1,
        null,
        null,
        1,
        0,
        0,
        0,
        0,
        0,
        0,
        0,
        null,
        0,
        0,
        0,
        0,
        null,
        null,
        0,
        0,
        null,
        null,
        null,
        1,
        0,
        0,
        null,
        null
      ],
      "/mnt/c/Users/ajessee/Desktop/personal/RDJesseeBlog/spec/controllers/stories_controller_spec.rb": [
        1,
        null,
        1,
        null,
        null
      ],
      "/mnt/c/Users/ajessee/Desktop/personal/RDJesseeBlog/app/controllers/stories_controller.rb": [
        1,
        1,
        1,
        null,
        1,
        0,
        null,
        null,
        1,
        0,
        0,
        0,
        0,
        0,
        0,
        0,
        0,
        0,
        null,
        null,
        1,
        0,
        0,
        0,
        0,
        0,
        0,
        0,
        0,
        null,
        0,
        0,
        0,
        null,
        0,
        0,
        0,
        null,
        0,
        0,
        0,
        null,
        0,
        0,
        0,
        null,
        0,
        0,
        0,
        null,
        0,
        0,
        0,
        null,
        0,
        0,
        0,
        null,
        null,
        null,
        1,
        0,
        null,
        null,
        1,
        0,
        0,
        null,
        null,
        1,
        0,
        0,
        0,
        0,
        0,
        0,
        0,
        0,
        0,
        0,
        null,
        null,
        null,
        0,
        0,
        0,
        0,
        0,
        0,
        0,
        0,
        null,
        0,
        null,
        null,
        null,
        null,
        null,
        1,
        0,
        0,
        0,
        0,
        0,
        0,
        0,
        null,
        0,
        0,
        null,
        null,
        null,
        1,
        0,
        0,
        0,
        null,
        null,
        1,
        null,
        1,
        0,
        null,
        null,
        1,
        0,
        null,
        null,
        1,
        0,
        null,
        null,
        1,
        0,
        0,
        null,
        0,
        0,
        null,
        0,
        0,
        null,
        0,
        0,
        null,
        0,
        0,
        null,
        0,
        0,
        null,
        null,
        null,
        null,
        1,
        0,
        null,
        null,
        1,
        0,
        0,
        null,
        null,
        1,
        0,
        0,
        0,
        null,
        0,
        null,
        null,
        1,
        0,
        0,
        0,
        null,
        0,
        null,
        null,
        1,
        0,
        0,
        0,
        null,
        0,
        null,
        null,
        1,
        0,
        0,
        0,
        null,
        0,
        null,
        null,
        1,
        0,
        0,
        0,
        null,
        0,
        null,
        null,
        1,
        0,
        0,
        0,
        null,
        0,
        null,
        null,
        null,
        null
      ],
      "/mnt/c/Users/ajessee/Desktop/personal/RDJesseeBlog/spec/controllers/tags_controller_spec.rb": [
        1,
        null,
        1,
        null,
        null
      ],
      "/mnt/c/Users/ajessee/Desktop/personal/RDJesseeBlog/app/controllers/tags_controller.rb": [
        1,
        null,
        1,
        0,
        null,
        null,
        1,
        0,
        null,
        null,
        null
      ],
      "/mnt/c/Users/ajessee/Desktop/personal/RDJesseeBlog/spec/controllers/users_controller_spec.rb": [
        1,
        null,
        1,
        null,
        1,
        1,
        0,
        0,
        null,
        null,
        null,
        null
      ],
      "/mnt/c/Users/ajessee/Desktop/personal/RDJesseeBlog/app/controllers/users_controller.rb": [
        1,
        1,
        1,
        1,
        null,
        1,
        0,
        null,
        null,
        1,
        0,
        null,
        null,
        1,
        0,
        null,
        null,
        1,
        0,
        0,
        0,
        0,
        0,
        null,
        0,
        null,
        null,
        null,
        1,
        0,
        null,
        null,
        1,
        0,
        0,
        0,
        0,
        0,
        0,
        0,
        0,
        null,
        null,
        null,
        0,
        0,
        0,
        0,
        null,
        0,
        null,
        null,
        null,
        null,
        1,
        0,
        0,
        0,
        null,
        null,
        1,
        null,
        1,
        0,
        null,
        null,
        null,
        null,
        1,
        0,
        0,
        null,
        null,
        null,
        1,
        0,
        null,
        null,
        null
      ],
      "/mnt/c/Users/ajessee/Desktop/personal/RDJesseeBlog/spec/controllers/videos_controller_spec.rb": [
        1,
        null,
        1,
        null,
        1,
        1,
        0,
        0,
        null,
        null,
        null,
        1,
        1,
        0,
        0,
        null,
        null,
        null,
        1,
        1,
        0,
        0,
        null,
        null,
        null,
        1,
        1,
        0,
        0,
        null,
        null,
        null,
        1,
        1,
        0,
        0,
        null,
        null,
        null,
        1,
        1,
        0,
        0,
        null,
        null,
        null,
        1,
        1,
        0,
        0,
        null,
        null,
        null,
        null
      ],
      "/mnt/c/Users/ajessee/Desktop/personal/RDJesseeBlog/app/controllers/videos_controller.rb": [
        1,
        1,
        null,
        1,
        0,
        null,
        null,
        1,
        0,
        0,
        0,
        0,
        null,
        0,
        null,
        null,
        null,
        1,
        0,
        null,
        null,
        1,
        0,
        null,
        null,
        1,
        0,
        null,
        null,
        1,
        null,
        null,
        null,
        null,
        1,
        0,
        0,
        0,
        null,
        null,
        1,
        null,
        1,
        0,
        null,
        null,
        null
      ],
      "/mnt/c/Users/ajessee/Desktop/personal/RDJesseeBlog/spec/controllers/welcome_controller_spec.rb": [
        1,
        null,
        1,
        null,
        1,
        1,
        0,
        0,
        null,
        null,
        null,
        null
      ],
      "/mnt/c/Users/ajessee/Desktop/personal/RDJesseeBlog/app/controllers/welcome_controller.rb": [
        1,
        null,
        1,
        0,
        0,
        0,
        0,
        null,
        null,
        1,
        null,
        null,
        null
      ],
      "/mnt/c/Users/ajessee/Desktop/personal/RDJesseeBlog/spec/features/authentication_pages_spec.rb": [
        1,
        null,
        1,
        null,
        1,
        1,
        null,
        1,
        0,
        0,
        0,
        0,
        null,
        null,
        1,
        0,
        0,
        null,
        null,
        1,
        0,
        null,
        0,
        0,
        0,
        0,
        0,
        0,
        null,
        null,
        null,
        null,
        null,
        null,
        null,
        null,
        null,
        null,
        null,
        null,
        null,
        null
      ],
      "/mnt/c/Users/ajessee/Desktop/personal/RDJesseeBlog/spec/features/user_pages_spec.rb": [
        1,
        null,
        null,
        1,
        null,
        null,
        null,
        1,
        1,
        null,
        1,
        0,
        0,
        null,
        null,
        null,
        1,
        1,
        1,
        null,
        1,
        1,
        0,
        null,
        null,
        null,
        1,
        1,
        0,
        0,
        0,
        0,
        null,
        null,
        1,
        0,
        null,
        null,
        null,
        null,
        1,
        1,
        1,
        0,
        0,
        null,
        null,
        1,
        0,
        0,
        0,
        null,
        null,
        1,
        1,
        null,
        1,
        null,
        null,
        1,
        1,
        1,
        null,
        1,
        0,
        0,
        0,
        0,
        0,
        null,
        null,
        1,
        0,
        0,
        null,
        0,
        0,
        null,
        null,
        null,
        null,
        null,
        null
      ],
      "/mnt/c/Users/ajessee/Desktop/personal/RDJesseeBlog/spec/features/welcome_pages_features_spec.rb": [
        1,
        null,
        1,
        1,
        null,
        1,
        0,
        0,
        null,
        null,
        1,
        0,
        0,
        null,
        null,
        1,
        0,
        0,
        null,
        null,
        1,
        0,
        0,
        null,
        null,
        null,
        null,
        null,
        null
      ],
      "/mnt/c/Users/ajessee/Desktop/personal/RDJesseeBlog/spec/helpers/admin_pages_helper_spec.rb": [
        1,
        null,
        null,
        null,
        null,
        null,
        null,
        null,
        null,
        null,
        null,
        null,
        1,
        0,
        null
      ],
      "/mnt/c/Users/ajessee/Desktop/personal/RDJesseeBlog/spec/helpers/comments_helper_spec.rb": [
        1,
        null,
        null,
        null,
        null,
        null,
        null,
        null,
        null,
        null,
        null,
        null,
        1,
        0,
        null
      ],
      "/mnt/c/Users/ajessee/Desktop/personal/RDJesseeBlog/spec/helpers/pictures_helper_spec.rb": [
        1,
        null,
        null,
        null,
        null,
        null,
        null,
        null,
        null,
        null,
        null,
        null,
        1,
        0,
        null
      ],
      "/mnt/c/Users/ajessee/Desktop/personal/RDJesseeBlog/spec/helpers/recordings_helper_spec.rb": [
        1,
        null,
        null,
        null,
        null,
        null,
        null,
        null,
        null,
        null,
        null,
        null,
        1,
        0,
        null
      ],
      "/mnt/c/Users/ajessee/Desktop/personal/RDJesseeBlog/spec/helpers/sessions_helper_spec.rb": [
        1,
        null,
        null,
        null,
        null,
        null,
        null,
        null,
        null,
        null,
        null,
        null,
        1,
        1,
        null
      ],
      "/mnt/c/Users/ajessee/Desktop/personal/RDJesseeBlog/spec/helpers/stories_helper_spec.rb": [
        1,
        null,
        null,
        null,
        null,
        null,
        null,
        null,
        null,
        null,
        null,
        null,
        1,
        1,
        null
      ],
      "/mnt/c/Users/ajessee/Desktop/personal/RDJesseeBlog/spec/helpers/tags_helper_spec.rb": [
        1,
        null,
        null,
        null,
        null,
        null,
        null,
        null,
        null,
        null,
        null,
        null,
        1,
        0,
        null
      ],
      "/mnt/c/Users/ajessee/Desktop/personal/RDJesseeBlog/spec/helpers/users_helper_spec.rb": [
        1,
        null,
        null,
        null,
        null,
        null,
        null,
        null,
        null,
        null,
        null,
        null,
        1,
        1,
        null
      ],
      "/mnt/c/Users/ajessee/Desktop/personal/RDJesseeBlog/spec/helpers/videos_helper_spec.rb": [
        1,
        null,
        null,
        null,
        null,
        null,
        null,
        null,
        null,
        null,
        null,
        null,
        1,
        0,
        null
      ],
      "/mnt/c/Users/ajessee/Desktop/personal/RDJesseeBlog/spec/helpers/welcome_helper_spec.rb": [
        1,
        null,
        null,
        null,
        null,
        null,
        null,
        null,
        null,
        null,
        null,
        null,
        1,
        0,
        null
      ],
      "/mnt/c/Users/ajessee/Desktop/personal/RDJesseeBlog/spec/mailers/user_mailer_spec.rb": [
        1,
        null,
        1,
        1,
        1,
        null,
        1,
        0,
        0,
        0,
        null,
        null,
        1,
        0,
        null,
        null,
        null,
        1,
        1,
        null,
        1,
        0,
        0,
        0,
        null,
        null,
        1,
        0,
        null,
        null,
        null,
        null
      ],
      "/mnt/c/Users/ajessee/Desktop/personal/RDJesseeBlog/app/mailers/user_mailer.rb": [
        1,
        null,
        null,
        null,
        null,
        null,
        null,
        1,
        0,
        0,
        null,
        null,
        1,
        0,
        0,
        null,
        null,
        null
      ],
      "/mnt/c/Users/ajessee/Desktop/personal/RDJesseeBlog/app/mailers/application_mailer.rb": [
        1,
        1,
        1,
        null
      ],
      "/mnt/c/Users/ajessee/Desktop/personal/RDJesseeBlog/spec/models/comment_spec.rb": [
        1,
        null,
        1,
        1,
        null
      ],
      "/mnt/c/Users/ajessee/Desktop/personal/RDJesseeBlog/app/models/comment.rb": [
        1,
        1,
        1,
        1,
        1,
        1,
        null,
        1,
        0,
        null,
        null
      ],
      "/mnt/c/Users/ajessee/Desktop/personal/RDJesseeBlog/app/models/application_record.rb": [
        1,
        1,
        null
      ],
      "/mnt/c/Users/ajessee/Desktop/personal/RDJesseeBlog/spec/models/picture_spec.rb": [
        1,
        null,
        1,
        1,
        null
      ],
      "/mnt/c/Users/ajessee/Desktop/personal/RDJesseeBlog/app/models/picture.rb": [
        1,
        1,
        1,
        1,
        1,
        1,
        1,
        null,
        1,
        0,
        0,
        null,
        null,
        null
      ],
      "/mnt/c/Users/ajessee/Desktop/personal/RDJesseeBlog/app/uploaders/picture_uploader.rb": [
        1,
        null,
        null,
        null,
        null,
        1,
        null,
        1,
        0,
        0,
        null,
        1,
        null,
        null,
        null,
        1,
        1,
        null,
        null,
        1,
        1,
        null,
        null,
        null,
        null,
        1,
        0,
        null,
        null,
        null,
        1,
        0,
        null,
        null,
        null,
        null,
        null,
        null,
        null,
        null,
        null,
        null,
        null,
        null,
        null,
        null,
        null,
        null,
        null,
        null,
        null,
        null,
        null,
        null,
        null,
        null,
        null,
        null,
        null,
        null,
        null,
        null,
        null
      ],
      "/mnt/c/Users/ajessee/Desktop/personal/RDJesseeBlog/spec/models/recording_spec.rb": [
        1,
        null,
        1,
        1,
        null
      ],
      "/mnt/c/Users/ajessee/Desktop/personal/RDJesseeBlog/app/models/recording.rb": [
        1,
        null,
        1,
        1,
        1,
        1,
        1,
        null
      ],
      "/mnt/c/Users/ajessee/Desktop/personal/RDJesseeBlog/app/uploaders/recording_uploader.rb": [
        1,
        null,
        null,
        null,
        null,
        1,
        null,
        1,
        0,
        null,
        1,
        null,
        null,
        1,
        1,
        null,
        1,
        0,
        null,
        null,
        null,
        null,
        null,
        null,
        1,
        0,
        null,
        null,
        null,
        null,
        null,
        null,
        null,
        null,
        null,
        null,
        null,
        null,
        null,
        null,
        null,
        null,
        null,
        null,
        null,
        null,
        null,
        null,
        null,
        null,
        null,
        null,
        null,
        null,
        null,
        null,
        null,
        null,
        null,
        null,
        null
      ],
      "/mnt/c/Users/ajessee/Desktop/personal/RDJesseeBlog/spec/models/story_spec.rb": [
        1,
        null,
        1,
        1,
        null
      ],
      "/mnt/c/Users/ajessee/Desktop/personal/RDJesseeBlog/app/models/story.rb": [
        1,
        1,
        1,
        1,
        1,
        1,
        1,
        1,
        1,
        1,
        1,
        1,
        1,
        1,
        1,
        null,
        1,
        1,
        1,
        1,
        1,
        1,
        null,
        1,
        0,
        0,
        0,
        0,
        0,
        0,
        0,
        null,
        null,
        null,
        1,
        0,
        null,
        null,
        1,
        0,
        null,
        null,
        1,
        0,
        null,
        null,
        1,
        0,
        null,
        null,
        1,
        0,
        null,
        null,
        1,
        0,
        null,
        null,
        1,
        0,
        null,
        null,
        1,
        0,
        null,
        null,
        1,
        0,
        0,
        null,
        null,
        1,
        0,
        0,
        null,
        null,
        1,
        0,
        0,
        null,
        null,
        1,
        0,
        0,
        null,
        null,
        1,
        0,
        0,
        null,
        null,
        1,
        0,
        0,
        0,
        0,
        null,
        null,
        1,
        0,
        0,
        0,
        0,
        null,
        null,
        1,
        0,
        0,
        null,
        null,
        null,
        1,
        0,
        null,
        null,
        1,
        0,
        null,
        null,
        null
      ],
      "/mnt/c/Users/ajessee/Desktop/personal/RDJesseeBlog/spec/models/tag_spec.rb": [
        1,
        null,
        1,
        1,
        null
      ],
      "/mnt/c/Users/ajessee/Desktop/personal/RDJesseeBlog/app/models/tag.rb": [
        1,
        1,
        1,
        null,
        1,
        0,
        null,
        null,
        null,
        null
      ],
      "/mnt/c/Users/ajessee/Desktop/personal/RDJesseeBlog/spec/models/tagging_spec.rb": [
        1,
        null,
        1,
        1,
        null
      ],
      "/mnt/c/Users/ajessee/Desktop/personal/RDJesseeBlog/app/models/tagging.rb": [
        1,
        1,
        1,
        null
      ],
      "/mnt/c/Users/ajessee/Desktop/personal/RDJesseeBlog/spec/models/user_spec.rb": [
        1,
        null,
        1,
        null,
        1,
        null,
        1,
        null,
        1,
        1,
        1,
        1,
        1,
        1,
        1,
        null,
        1,
        null,
        1,
        1,
        1,
        null,
        null,
        1,
        1,
        1,
        null,
        null,
        1,
        1,
        1,
        null,
        null,
        1,
        1,
        0,
        0,
        0,
        0,
        null,
        null,
        null,
        null,
        1,
        1,
        0,
        0,
        0,
        0,
        null,
        null,
        null,
        null,
        1,
        1,
        0,
        0,
        0,
        null,
        null,
        null,
        1,
        1,
        0,
        0,
        null,
        null,
        null,
        1,
        1,
        0,
        0,
        null,
        null,
        null,
        1,
        1,
        0,
        0,
        null,
        null,
        null,
        1,
        1,
        1,
        1,
        null,
        1,
        0,
        null,
        null,
        1,
        0,
        null,
        null,
        null,
        null
      ],
      "/mnt/c/Users/ajessee/Desktop/personal/RDJesseeBlog/app/models/user.rb": [
        1,
        1,
        1,
        1,
        1,
        1,
        1,
        1,
        1,
        1,
        1,
        null,
        1,
        1,
        null,
        null,
        1,
        0,
        null,
        0,
        null,
        null,
        null,
        1,
        0,
        null,
        null,
        null,
        1,
        0,
        0,
        null,
        null,
        null,
        1,
        0,
        0,
        0,
        null,
        null,
        null,
        1,
        0,
        null,
        null,
        null,
        1,
        0,
        0,
        null,
        null,
        null,
        1,
        0,
        null,
        null,
        null,
        1,
        0,
        0,
        0,
        null,
        null,
        null,
        1,
        0,
        null,
        null,
        null,
        1,
        0,
        null,
        null,
        1,
        null,
        null,
        1,
        0,
        null,
        null,
        null,
        1,
        0,
        0,
        null,
        null,
        null
      ],
      "/mnt/c/Users/ajessee/Desktop/personal/RDJesseeBlog/spec/models/video_spec.rb": [
        1,
        null,
        1,
        1,
        null
      ],
      "/mnt/c/Users/ajessee/Desktop/personal/RDJesseeBlog/app/models/video.rb": [
        1,
        1,
        1,
        1,
        1,
        1,
        1,
        null,
        1,
        0,
        null,
        null,
        null
      ],
      "/mnt/c/Users/ajessee/Desktop/personal/RDJesseeBlog/app/uploaders/video_uploader.rb": [
        1,
        null,
        null,
        null,
        null,
        null,
        1,
        null,
        1,
        0,
        0,
        null,
        1,
        null,
        null,
        null,
        null,
        null,
        null,
        null,
        null,
        null,
        null,
        null,
        null,
        null,
        null,
        null,
        1,
        0,
        null,
        null,
        null,
        null,
        null,
        null,
        null,
        null,
        null,
        null,
        null,
        null,
        null,
        null,
        null,
        null,
        null,
        null,
        null,
        null,
        null,
        null,
        null,
        null,
        null,
        null,
        null,
        null,
        null,
        null,
        null,
        null,
        null,
        null,
        null
      ],
      "/mnt/c/Users/ajessee/Desktop/personal/RDJesseeBlog/spec/views/recordings/create.html.erb_spec.rb": [
        1,
        null,
        1,
        1,
        null
      ],
      "/mnt/c/Users/ajessee/Desktop/personal/RDJesseeBlog/spec/views/recordings/destroy.html.erb_spec.rb": [
        1,
        null,
        1,
        1,
        null
      ],
      "/mnt/c/Users/ajessee/Desktop/personal/RDJesseeBlog/spec/views/recordings/edit.html.erb_spec.rb": [
        1,
        null,
        1,
        1,
        null
      ],
      "/mnt/c/Users/ajessee/Desktop/personal/RDJesseeBlog/spec/views/recordings/index.html.erb_spec.rb": [
        1,
        null,
        1,
        1,
        null
      ],
      "/mnt/c/Users/ajessee/Desktop/personal/RDJesseeBlog/spec/views/recordings/new.html.erb_spec.rb": [
        1,
        null,
        1,
        1,
        null
      ],
      "/mnt/c/Users/ajessee/Desktop/personal/RDJesseeBlog/spec/views/recordings/show.html.erb_spec.rb": [
        1,
        null,
        1,
        1,
        null
      ],
      "/mnt/c/Users/ajessee/Desktop/personal/RDJesseeBlog/spec/views/recordings/update.html.erb_spec.rb": [
        1,
        null,
        1,
        1,
        null
      ],
      "/mnt/c/Users/ajessee/Desktop/personal/RDJesseeBlog/spec/views/sessions/new.html.erb_spec.rb": [
        1,
        null,
        1,
        1,
        null
      ],
      "/mnt/c/Users/ajessee/Desktop/personal/RDJesseeBlog/spec/views/static_pages/help.html.erb_spec.rb": [
        1,
        null,
        1,
        1,
        null
      ],
      "/mnt/c/Users/ajessee/Desktop/personal/RDJesseeBlog/spec/views/static_pages/home.html.erb_spec.rb": [
        1,
        null,
        1,
        1,
        null
      ],
      "/mnt/c/Users/ajessee/Desktop/personal/RDJesseeBlog/spec/views/users/new.html.erb_spec.rb": [
        1,
        null,
        1,
        1,
        null
      ],
      "/mnt/c/Users/ajessee/Desktop/personal/RDJesseeBlog/spec/views/videos/create.html.erb_spec.rb": [
        1,
        null,
        1,
        1,
        null
      ],
      "/mnt/c/Users/ajessee/Desktop/personal/RDJesseeBlog/spec/views/videos/destroy.html.erb_spec.rb": [
        1,
        null,
        1,
        1,
        null
      ],
      "/mnt/c/Users/ajessee/Desktop/personal/RDJesseeBlog/spec/views/videos/edit.html.erb_spec.rb": [
        1,
        null,
        1,
        1,
        null
      ],
      "/mnt/c/Users/ajessee/Desktop/personal/RDJesseeBlog/spec/views/videos/index.html.erb_spec.rb": [
        1,
        null,
        1,
        1,
        null
      ],
      "/mnt/c/Users/ajessee/Desktop/personal/RDJesseeBlog/spec/views/videos/new.html.erb_spec.rb": [
        1,
        null,
        1,
        1,
        null
      ],
      "/mnt/c/Users/ajessee/Desktop/personal/RDJesseeBlog/spec/views/videos/show.html.erb_spec.rb": [
        1,
        null,
        1,
        1,
        null
      ],
      "/mnt/c/Users/ajessee/Desktop/personal/RDJesseeBlog/spec/views/videos/update.html.erb_spec.rb": [
        1,
        null,
        1,
        1,
        null
      ],
      "/mnt/c/Users/ajessee/Desktop/personal/RDJesseeBlog/spec/views/welcome/welcome.html.erb_spec.rb": [
        1,
        null,
        1,
        1,
        null
      ]
    },
    "timestamp": 1583720058
  }
}
